<?xml version="1.0" encoding="UTF-8"?>
<!-- Generated by org.testng.reporters.JUnitReportReporter -->
<testsuite skipped="1" hostname="Pep-Pc-031" name="tests.Company_CRUD.CreateCompany" tests="4" failures="0" timestamp="2020-02-05T18:31:22 IST" time="7.895" errors="0">
  <testcase name="GenerateOauthToken" time="4.410" classname="tests.Company_CRUD.CreateCompany"/>
  <testcase name="Create_Company_TC01" time="1.850" classname="tests.Company_CRUD.CreateCompany"/>
  <testcase name="Create_Company_TC02" time="1.635" classname="tests.Company_CRUD.CreateCompany"/>
  <testcase name="TestReadingJsonObject" classname="tests.Company_CRUD.CreateCompany">
    <skipped/>
  </testcase> <!-- TestReadingJsonObject -->
</testsuite> <!-- tests.Company_CRUD.CreateCompany -->
