<?xml version="1.0" encoding="UTF-8"?>
<!-- Generated by org.testng.reporters.JUnitReportReporter -->
<testsuite skipped="4" hostname="Pep-Pc-031" name="testing.Test1" tests="5" failures="0" timestamp="2020-02-05T15:59:49 IST" time="0.016" errors="0">
  <testcase name="TestReadingJsonObject" time="0.016" classname="testing.Test1"/>
  <testcase name="Payload_as_Byte_Array" classname="testing.Test1">
    <skipped/>
  </testcase> <!-- Payload_as_Byte_Array -->
  <testcase name="TestReadingJsonArray" classname="testing.Test1">
    <skipped/>
  </testcase> <!-- TestReadingJsonArray -->
  <testcase name="parseJsonArray" classname="testing.Test1">
    <skipped/>
  </testcase> <!-- parseJsonArray -->
  <testcase name="testRunner" classname="testing.Test1">
    <skipped/>
  </testcase> <!-- testRunner -->
</testsuite> <!-- testing.Test1 -->
