<?xml version="1.0" encoding="UTF-8"?>
<!-- Generated by org.testng.reporters.JUnitReportReporter -->
<testsuite skipped="5" hostname="Pep-Pc-031" name="tests.V2Tests" tests="7" failures="0" timestamp="2020-02-05T16:21:03 IST" time="5.758" errors="0">
  <testcase name="GenerateOauthTokenNew" time="4.079" classname="tests.V2Tests"/>
  <testcase name="Create_Company_from_JSON" time="1.679" classname="tests.V2Tests"/>
  <testcase name="CreateSystemAdminRole_TC_01" classname="tests.V2Tests">
    <skipped/>
  </testcase> <!-- CreateSystemAdminRole_TC_01 -->
  <testcase name="SoftAssertGetCompanyTypes" classname="tests.V2Tests">
    <skipped/>
  </testcase> <!-- SoftAssertGetCompanyTypes -->
  <testcase name="GetCompanyTypes" classname="tests.V2Tests">
    <skipped/>
  </testcase> <!-- GetCompanyTypes -->
  <testcase name="Create_Company" classname="tests.V2Tests">
    <skipped/>
  </testcase> <!-- Create_Company -->
  <testcase name="GenerateOauthToken" classname="tests.V2Tests">
    <skipped/>
  </testcase> <!-- GenerateOauthToken -->
</testsuite> <!-- tests.V2Tests -->
