<?xml version="1.0" encoding="UTF-8"?>
<!-- Generated by org.testng.reporters.JUnitReportReporter -->
<testsuite skipped="1" hostname="DESKTOP-3TMVG7F" name="practiceTests.SchemaValidationPost" tests="2" failures="0" timestamp="24 Sep 2018 16:03:27 GMT" time="14.097" errors="0">
  <testcase name="EmployeeAddition" time="14.097" classname="practiceTests.SchemaValidationPost"/>
  <testcase name="SchemaValidation" classname="practiceTests.SchemaValidationPost">
    <skipped/>
  </testcase> <!-- SchemaValidation -->
</testsuite> <!-- practiceTests.SchemaValidationPost -->
