<?xml version="1.0" encoding="UTF-8"?>
<!-- Generated by org.testng.reporters.JUnitReportReporter -->
<testsuite skipped="0" hostname="DESKTOP-3TMVG7F" name="projectdebug.comTests.TestGETMethod" tests="1" failures="0" timestamp="26 Aug 2018 12:59:17 GMT" time="5.093" errors="0">
  <testcase name="testResponse" time="5.093" classname="projectdebug.comTests.TestGETMethod"/>
</testsuite> <!-- projectdebug.comTests.TestGETMethod -->
