<?xml version="1.0" encoding="UTF-8"?>
<!-- Generated by org.testng.reporters.JUnitReportReporter -->
<testsuite skipped="0" hostname="DESKTOP-3TMVG7F" name="projectdebug.comTests.TestPOSTMethod" tests="1" failures="0" timestamp="26 Aug 2018 15:02:22 GMT" time="3.110" errors="0">
  <testcase name="testPOST" time="3.110" classname="projectdebug.comTests.TestPOSTMethod"/>
</testsuite> <!-- projectdebug.comTests.TestPOSTMethod -->
