<?xml version="1.0" encoding="UTF-8"?>
<!-- Generated by org.testng.reporters.JUnitReportReporter -->
<testsuite skipped="0" hostname="DESKTOP-3TMVG7F" name="projectdebug.comTests.SchemaValidationTest" tests="2" failures="0" timestamp="26 Aug 2018 14:06:33 GMT" time="6.203" errors="0">
  <testcase name="DataValidation" time="3.601" classname="projectdebug.comTests.SchemaValidationTest"/>
  <testcase name="SchemaValidation" time="2.602" classname="projectdebug.comTests.SchemaValidationTest"/>
</testsuite> <!-- projectdebug.comTests.SchemaValidationTest -->
