<?xml version="1.0" encoding="UTF-8"?>
<!-- Generated by org.testng.reporters.JUnitReportReporter -->
<testsuite skipped="1" hostname="DESKTOP-3TMVG7F" name="projectdebug.comTests.SchemaValidationPost" tests="2" failures="0" timestamp="23 Sep 2018 13:54:24 GMT" time="1.455" errors="0">
  <testcase name="EmployeeAddition" time="1.455" classname="projectdebug.comTests.SchemaValidationPost"/>
  <testcase name="SchemaValidation" classname="projectdebug.comTests.SchemaValidationPost">
    <skipped/>
  </testcase> <!-- SchemaValidation -->
</testsuite> <!-- projectdebug.comTests.SchemaValidationPost -->
