<?xml version="1.0" encoding="UTF-8"?>
<!-- Generated by org.testng.reporters.JUnitReportReporter -->
<testsuite skipped="0" hostname="DESKTOP-3TMVG7F" name="projectdebug.comTests.GetMethodBDD" tests="1" failures="0" timestamp="23 Sep 2018 10:41:54 GMT" time="3.878" errors="0">
  <testcase name="testGetRequest" time="3.878" classname="projectdebug.comTests.GetMethodBDD"/>
</testsuite> <!-- projectdebug.comTests.GetMethodBDD -->
