<?xml version="1.0" encoding="UTF-8"?>
<!-- Generated by org.testng.reporters.JUnitReportReporter -->
<testsuite skipped="0" hostname="DESKTOP-3TMVG7F" name="projectdebug.comTests.TestPUTMethod" tests="1" failures="0" timestamp="25 Aug 2018 14:36:43 GMT" time="6.998" errors="0">
  <testcase name="testPUT" time="6.998" classname="projectdebug.comTests.TestPUTMethod"/>
</testsuite> <!-- projectdebug.comTests.TestPUTMethod -->
